2025-09-09 10:39:34.058 -05:00 [WRN] The property 'Decision.Reasons' is a collection or enumeration type with a value converter but with no value comparer. Set a value comparer to ensure the collection/enumeration elements are compared correctly. {"EventId":{"Id":10620,"Name":"Microsoft.EntityFrameworkCore.Model.Validation.CollectionWithoutComparer"},"SourceContext":"Microsoft.EntityFrameworkCore.Model.Validation","Application":"SmartUnderwrite","CorrelationId":"5bb7f53e-614f-4cde-a825-b0eb30f6a16a"}
2025-09-09 15:19:22.462 -05:00 [WRN] [] The property 'Decision.Reasons' is a collection or enumeration type with a value converter but with no value comparer. Set a value comparer to ensure the collection/enumeration elements are compared correctly. {"EventId":{"Id":10620,"Name":"Microsoft.EntityFrameworkCore.Model.Validation.CollectionWithoutComparer"},"SourceContext":"Microsoft.EntityFrameworkCore.Model.Validation","Application":"SmartUnderwrite"}
2025-09-09 15:19:22.580 -05:00 [ERR] [] An error occurred using the connection to database 'smartunderwrite_dev' on server 'tcp://localhost:5432'. {"EventId":{"Id":20004,"Name":"Microsoft.EntityFrameworkCore.Database.Connection.ConnectionError"},"SourceContext":"Microsoft.EntityFrameworkCore.Database.Connection","Application":"SmartUnderwrite"}
2025-09-09 15:19:22.581 -05:00 [ERR] [] An error occurred while seeding the database {"Application":"SmartUnderwrite"}
Npgsql.NpgsqlException (0x80004005): Failed to connect to 127.0.0.1:5432
 ---> System.Net.Sockets.SocketException (61): Connection refused
   at System.Net.Sockets.Socket.AwaitableSocketAsyncEventArgs.ThrowException(SocketError error, CancellationToken cancellationToken)
   at System.Net.Sockets.Socket.AwaitableSocketAsyncEventArgs.System.Threading.Tasks.Sources.IValueTaskSource.GetResult(Int16 token)
   at System.Net.Sockets.Socket.<ConnectAsync>g__WaitForConnectWithCancellation|285_0(AwaitableSocketAsyncEventArgs saea, ValueTask connectTask, CancellationToken cancellationToken)
   at Npgsql.TaskTimeoutAndCancellation.ExecuteAsync(Func`2 getTaskFunc, NpgsqlTimeout timeout, CancellationToken cancellationToken)
   at Npgsql.Internal.NpgsqlConnector.ConnectAsync(NpgsqlTimeout timeout, CancellationToken cancellationToken)
   at Npgsql.Internal.NpgsqlConnector.ConnectAsync(NpgsqlTimeout timeout, CancellationToken cancellationToken)
   at Npgsql.Internal.NpgsqlConnector.RawOpen(SslMode sslMode, NpgsqlTimeout timeout, Boolean async, CancellationToken cancellationToken)
   at Npgsql.Internal.NpgsqlConnector.<Open>g__OpenCore|214_1(NpgsqlConnector conn, SslMode sslMode, NpgsqlTimeout timeout, Boolean async, CancellationToken cancellationToken)
   at Npgsql.Internal.NpgsqlConnector.Open(NpgsqlTimeout timeout, Boolean async, CancellationToken cancellationToken)
   at Npgsql.PoolingDataSource.OpenNewConnector(NpgsqlConnection conn, NpgsqlTimeout timeout, Boolean async, CancellationToken cancellationToken)
   at Npgsql.PoolingDataSource.<Get>g__RentAsync|33_0(NpgsqlConnection conn, NpgsqlTimeout timeout, Boolean async, CancellationToken cancellationToken)
   at Npgsql.NpgsqlConnection.<Open>g__OpenAsync|42_0(Boolean async, CancellationToken cancellationToken)
   at Microsoft.EntityFrameworkCore.Storage.RelationalConnection.OpenInternalAsync(Boolean errorsExpected, CancellationToken cancellationToken)
   at Microsoft.EntityFrameworkCore.Storage.RelationalConnection.OpenInternalAsync(Boolean errorsExpected, CancellationToken cancellationToken)
   at Microsoft.EntityFrameworkCore.Storage.RelationalConnection.OpenAsync(CancellationToken cancellationToken, Boolean errorsExpected)
   at Microsoft.EntityFrameworkCore.Storage.RelationalCommand.ExecuteReaderAsync(RelationalCommandParameterObject parameterObject, CancellationToken cancellationToken)
   at Microsoft.EntityFrameworkCore.Migrations.HistoryRepository.GetAppliedMigrationsAsync(CancellationToken cancellationToken)
   at Npgsql.EntityFrameworkCore.PostgreSQL.Migrations.Internal.NpgsqlHistoryRepository.GetAppliedMigrationsAsync(CancellationToken cancellationToken)
   at Npgsql.EntityFrameworkCore.PostgreSQL.Migrations.Internal.NpgsqlMigrator.MigrateAsync(String targetMigration, CancellationToken cancellationToken)
   at Program.<Main>$(String[] args) in /Users/franckb/Desktop/Personal/PROJECTS/SmartUnderwrite/SmartUnderwrite.Api/Program.cs:line 174
2025-09-09 15:19:22.660 -05:00 [INF] [] Now listening on: http://localhost:5000 {"EventId":{"Id":14,"Name":"ListeningOnAddress"},"SourceContext":"Microsoft.Hosting.Lifetime","Application":"SmartUnderwrite"}
2025-09-09 15:19:22.660 -05:00 [INF] [] Application started. Press Ctrl+C to shut down. {"SourceContext":"Microsoft.Hosting.Lifetime","Application":"SmartUnderwrite"}
2025-09-09 15:19:22.661 -05:00 [INF] [] Hosting environment: Development {"SourceContext":"Microsoft.Hosting.Lifetime","Application":"SmartUnderwrite"}
2025-09-09 15:19:22.661 -05:00 [INF] [] Content root path: /Users/franckb/Desktop/Personal/PROJECTS/SmartUnderwrite/SmartUnderwrite.Api {"SourceContext":"Microsoft.Hosting.Lifetime","Application":"SmartUnderwrite"}
2025-09-09 15:19:47.999 -05:00 [WRN] [] Failed to determine the https port for redirect. {"EventId":{"Id":3,"Name":"FailedToDeterminePort"},"SourceContext":"Microsoft.AspNetCore.HttpsPolicy.HttpsRedirectionMiddleware","RequestId":"0HNFFROSJMPML:00000001","RequestPath":"/swagger/v1/swagger.json","ConnectionId":"0HNFFROSJMPML","Application":"SmartUnderwrite"}
2025-09-09 15:19:48.078 -05:00 [INF] [0HNFFROSJMPML:00000001] HTTP GET /swagger/v1/swagger.json responded 404 in 0.2706 ms {"RequestHost":"localhost:5000","RequestScheme":"http","UserId":"Anonymous","SourceContext":"Serilog.AspNetCore.RequestLoggingMiddleware","RequestId":"0HNFFROSJMPML:00000001","ConnectionId":"0HNFFROSJMPML","Application":"SmartUnderwrite"}
2025-09-09 15:19:57.334 -05:00 [INF] [0HNFFROSJMPMM:00000001] HTTP GET /swagger/index.html responded 404 in 0.0922 ms {"RequestHost":"localhost:5000","RequestScheme":"http","UserId":"Anonymous","SourceContext":"Serilog.AspNetCore.RequestLoggingMiddleware","RequestId":"0HNFFROSJMPMM:00000001","ConnectionId":"0HNFFROSJMPMM","Application":"SmartUnderwrite"}
2025-09-09 15:20:10.442 -05:00 [INF] [0HNFFROSJMPMN:00000001] HTTP GET /healthz responded 404 in 0.0279 ms {"RequestHost":"localhost:5000","RequestScheme":"http","UserId":"Anonymous","SourceContext":"Serilog.AspNetCore.RequestLoggingMiddleware","RequestId":"0HNFFROSJMPMN:00000001","ConnectionId":"0HNFFROSJMPMN","Application":"SmartUnderwrite"}
2025-09-09 15:20:24.712 -05:00 [INF] [] Application is shutting down... {"SourceContext":"Microsoft.Hosting.Lifetime","Application":"SmartUnderwrite"}
2025-09-09 15:24:26.067 -05:00 [WRN] [] The property 'Decision.Reasons' is a collection or enumeration type with a value converter but with no value comparer. Set a value comparer to ensure the collection/enumeration elements are compared correctly. {"EventId":{"Id":10620,"Name":"Microsoft.EntityFrameworkCore.Model.Validation.CollectionWithoutComparer"},"SourceContext":"Microsoft.EntityFrameworkCore.Model.Validation","Application":"SmartUnderwrite"}
2025-09-09 15:24:26.192 -05:00 [ERR] [] An error occurred using the connection to database 'smartunderwrite_dev' on server 'tcp://localhost:5432'. {"EventId":{"Id":20004,"Name":"Microsoft.EntityFrameworkCore.Database.Connection.ConnectionError"},"SourceContext":"Microsoft.EntityFrameworkCore.Database.Connection","Application":"SmartUnderwrite"}
2025-09-09 15:24:26.193 -05:00 [ERR] [] An error occurred while seeding the database {"Application":"SmartUnderwrite"}
Npgsql.NpgsqlException (0x80004005): Failed to connect to 127.0.0.1:5432
 ---> System.Net.Sockets.SocketException (61): Connection refused
   at System.Net.Sockets.Socket.AwaitableSocketAsyncEventArgs.ThrowException(SocketError error, CancellationToken cancellationToken)
   at System.Net.Sockets.Socket.AwaitableSocketAsyncEventArgs.System.Threading.Tasks.Sources.IValueTaskSource.GetResult(Int16 token)
   at System.Net.Sockets.Socket.<ConnectAsync>g__WaitForConnectWithCancellation|285_0(AwaitableSocketAsyncEventArgs saea, ValueTask connectTask, CancellationToken cancellationToken)
   at Npgsql.TaskTimeoutAndCancellation.ExecuteAsync(Func`2 getTaskFunc, NpgsqlTimeout timeout, CancellationToken cancellationToken)
   at Npgsql.Internal.NpgsqlConnector.ConnectAsync(NpgsqlTimeout timeout, CancellationToken cancellationToken)
   at Npgsql.Internal.NpgsqlConnector.ConnectAsync(NpgsqlTimeout timeout, CancellationToken cancellationToken)
   at Npgsql.Internal.NpgsqlConnector.RawOpen(SslMode sslMode, NpgsqlTimeout timeout, Boolean async, CancellationToken cancellationToken)
   at Npgsql.Internal.NpgsqlConnector.<Open>g__OpenCore|214_1(NpgsqlConnector conn, SslMode sslMode, NpgsqlTimeout timeout, Boolean async, CancellationToken cancellationToken)
   at Npgsql.Internal.NpgsqlConnector.Open(NpgsqlTimeout timeout, Boolean async, CancellationToken cancellationToken)
   at Npgsql.PoolingDataSource.OpenNewConnector(NpgsqlConnection conn, NpgsqlTimeout timeout, Boolean async, CancellationToken cancellationToken)
   at Npgsql.PoolingDataSource.<Get>g__RentAsync|33_0(NpgsqlConnection conn, NpgsqlTimeout timeout, Boolean async, CancellationToken cancellationToken)
   at Npgsql.NpgsqlConnection.<Open>g__OpenAsync|42_0(Boolean async, CancellationToken cancellationToken)
   at Microsoft.EntityFrameworkCore.Storage.RelationalConnection.OpenInternalAsync(Boolean errorsExpected, CancellationToken cancellationToken)
   at Microsoft.EntityFrameworkCore.Storage.RelationalConnection.OpenInternalAsync(Boolean errorsExpected, CancellationToken cancellationToken)
   at Microsoft.EntityFrameworkCore.Storage.RelationalConnection.OpenAsync(CancellationToken cancellationToken, Boolean errorsExpected)
   at Microsoft.EntityFrameworkCore.Storage.RelationalCommand.ExecuteReaderAsync(RelationalCommandParameterObject parameterObject, CancellationToken cancellationToken)
   at Microsoft.EntityFrameworkCore.Migrations.HistoryRepository.GetAppliedMigrationsAsync(CancellationToken cancellationToken)
   at Npgsql.EntityFrameworkCore.PostgreSQL.Migrations.Internal.NpgsqlHistoryRepository.GetAppliedMigrationsAsync(CancellationToken cancellationToken)
   at Npgsql.EntityFrameworkCore.PostgreSQL.Migrations.Internal.NpgsqlMigrator.MigrateAsync(String targetMigration, CancellationToken cancellationToken)
   at Program.<Main>$(String[] args) in /Users/franckb/Desktop/Personal/PROJECTS/SmartUnderwrite/SmartUnderwrite.Api/Program.cs:line 174
2025-09-09 15:24:26.272 -05:00 [INF] [] Now listening on: http://localhost:5000 {"EventId":{"Id":14,"Name":"ListeningOnAddress"},"SourceContext":"Microsoft.Hosting.Lifetime","Application":"SmartUnderwrite"}
2025-09-09 15:24:26.272 -05:00 [INF] [] Application started. Press Ctrl+C to shut down. {"SourceContext":"Microsoft.Hosting.Lifetime","Application":"SmartUnderwrite"}
2025-09-09 15:24:26.273 -05:00 [INF] [] Hosting environment: Development {"SourceContext":"Microsoft.Hosting.Lifetime","Application":"SmartUnderwrite"}
2025-09-09 15:24:26.273 -05:00 [INF] [] Content root path: /Users/franckb/Desktop/Personal/PROJECTS/SmartUnderwrite/SmartUnderwrite.Api {"SourceContext":"Microsoft.Hosting.Lifetime","Application":"SmartUnderwrite"}
2025-09-09 15:25:02.800 -05:00 [WRN] [] Failed to determine the https port for redirect. {"EventId":{"Id":3,"Name":"FailedToDeterminePort"},"SourceContext":"Microsoft.AspNetCore.HttpsPolicy.HttpsRedirectionMiddleware","RequestId":"0HNFFRRQE9OCV:00000001","RequestPath":"/openapi/v1.json","ConnectionId":"0HNFFRRQE9OCV","Application":"SmartUnderwrite"}
2025-09-09 15:25:02.956 -05:00 [INF] [0HNFFRRQE9OCV:00000001] HTTP GET /openapi/v1.json responded 200 in 112.9906 ms {"RequestHost":"localhost:5000","RequestScheme":"http","UserId":"Anonymous","SourceContext":"Serilog.AspNetCore.RequestLoggingMiddleware","RequestId":"0HNFFRRQE9OCV:00000001","ConnectionId":"0HNFFRRQE9OCV","Application":"SmartUnderwrite"}
2025-09-09 15:25:18.937 -05:00 [INF] [] Application is shutting down... {"SourceContext":"Microsoft.Hosting.Lifetime","Application":"SmartUnderwrite"}
